Build started 7/30/2018 11:41:35 PM.
     1>Project "C:\Users\David\Documents\Visual Studio 2013\Projects\lzw\encode\encode.vcxproj" on node 2 (Build target(s)).
     1>ClCompile:
         C:\Program Files (x86)\Microsoft Visual Studio 12.0\VC\bin\CL.exe /c /ZI /nologo /W3 /WX- /Od /Oy- /D WIN32 /D _DEBUG /D _CONSOLE /D _LIB /D _MBCS /Gm /EHsc /RTC1 /MDd /GS /fp:precise /Zc:wchar_t /Zc:forScope /Fo"Debug\\" /Fd"Debug\vc120.pdb" /Gd /TC /analyze- /errorReport:prompt ..\src\encode.c
         encode.c
     1>c:\users\david\documents\visual studio 2013\projects\lzw\src\encode.c(26): warning C4996: 'fopen': This function or variable may be unsafe. Consider using fopen_s instead. To disable deprecation, use _CRT_SECURE_NO_WARNINGS. See online help for details.
                 c:\program files (x86)\microsoft visual studio 12.0\vc\include\stdio.h(211) : see declaration of 'fopen'
     1>c:\users\david\documents\visual studio 2013\projects\lzw\src\encode.c(33): warning C4996: 'fopen': This function or variable may be unsafe. Consider using fopen_s instead. To disable deprecation, use _CRT_SECURE_NO_WARNINGS. See online help for details.
                 c:\program files (x86)\microsoft visual studio 12.0\vc\include\stdio.h(211) : see declaration of 'fopen'
     1>c:\users\david\documents\visual studio 2013\projects\lzw\src\encode.c(84): warning C4133: 'function' : incompatible types - from 'int16 *' to 'const char *'
     1>c:\users\david\documents\visual studio 2013\projects\lzw\src\encode.c(84): warning C4996: 'strncat': This function or variable may be unsafe. Consider using strncat_s instead. To disable deprecation, use _CRT_SECURE_NO_WARNINGS. See online help for details.
                 c:\program files (x86)\microsoft visual studio 12.0\vc\include\string.h(186) : see declaration of 'strncat'
     1>c:\users\david\documents\visual studio 2013\projects\lzw\src\encode.c(89): warning C4133: 'function' : incompatible types - from 'int16 *' to 'const char *'
     1>c:\users\david\documents\visual studio 2013\projects\lzw\src\encode.c(89): warning C4996: 'strncat': This function or variable may be unsafe. Consider using strncat_s instead. To disable deprecation, use _CRT_SECURE_NO_WARNINGS. See online help for details.
                 c:\program files (x86)\microsoft visual studio 12.0\vc\include\string.h(186) : see declaration of 'strncat'
     1>c:\users\david\documents\visual studio 2013\projects\lzw\src\encode.c(106): warning C4133: 'function' : incompatible types - from 'int16 *' to 'const char *'
     1>c:\users\david\documents\visual studio 2013\projects\lzw\src\encode.c(106): warning C4996: 'strncpy': This function or variable may be unsafe. Consider using strncpy_s instead. To disable deprecation, use _CRT_SECURE_NO_WARNINGS. See online help for details.
                 c:\program files (x86)\microsoft visual studio 12.0\vc\include\string.h(195) : see declaration of 'strncpy'
     1>c:\users\david\documents\visual studio 2013\projects\lzw\src\encode.c(107): warning C4133: 'function' : incompatible types - from 'int16 *' to 'const char *'
     1>c:\users\david\documents\visual studio 2013\projects\lzw\src\encode.c(107): warning C4996: 'strncpy': This function or variable may be unsafe. Consider using strncpy_s instead. To disable deprecation, use _CRT_SECURE_NO_WARNINGS. See online help for details.
                 c:\program files (x86)\microsoft visual studio 12.0\vc\include\string.h(195) : see declaration of 'strncpy'
       Link:
         C:\Program Files (x86)\Microsoft Visual Studio 12.0\VC\bin\link.exe /ERRORREPORT:PROMPT /OUT:"C:\Users\David\Documents\Visual Studio 2013\Projects\lzw\Debug\encode.exe" /INCREMENTAL /NOLOGO kernel32.lib user32.lib gdi32.lib winspool.lib comdlg32.lib advapi32.lib shell32.lib ole32.lib oleaut32.lib uuid.lib odbc32.lib odbccp32.lib /MANIFEST /MANIFESTUAC:"level='asInvoker' uiAccess='false'" /manifest:embed /DEBUG /PDB:"C:\Users\David\Documents\Visual Studio 2013\Projects\lzw\Debug\encode.pdb" /SUBSYSTEM:CONSOLE /TLBID:1 /DYNAMICBASE /NXCOMPAT /IMPLIB:"C:\Users\David\Documents\Visual Studio 2013\Projects\lzw\Debug\encode.lib" /MACHINE:X86 Debug\bitio.obj
         Debug\dict.obj
         Debug\encode.obj
         encode.vcxproj -> C:\Users\David\Documents\Visual Studio 2013\Projects\lzw\Debug\encode.exe
     1>Done Building Project "C:\Users\David\Documents\Visual Studio 2013\Projects\lzw\encode\encode.vcxproj" (Build target(s)).

Build succeeded.

Time Elapsed 00:00:00.59
